<?xml version="1.0" encoding="UTF-8"?>
<!-- Generated by org.testng.reporters.JUnitReportReporter -->
<testsuite hostname="DESKTOP-GV8RDT5" failures="0" tests="1" name="ProFrameWork.ProFrameWork.FlipKartHomePageTest" time="18.947" errors="0" timestamp="25 Aug 2021 04:52:10 GMT" skipped="0">
  <testcase classname="ProFrameWork.ProFrameWork.FlipKartHomePageTest" name="flipkartHomecheck" time="18.947"/>
</testsuite> <!-- ProFrameWork.ProFrameWork.FlipKartHomePageTest -->
